<?xml version="1.0" encoding="UTF-8"?>
<!-- Generated by org.testng.reporters.JUnitReportReporter -->
<testsuite name="com.qtpselenium.hybrid.suitea.LoginTest" tests="3" time="0.079" ignored="0" failures="0" timestamp="22 Jul 2018 18:56:28 GMT" skipped="0" hostname="Naveen-PC" errors="0">
  <testcase name="logintest" time="0.016" classname="com.qtpselenium.hybrid.suitea.LoginTest"/>
  <testcase name="logintest" time="0.030" classname="com.qtpselenium.hybrid.suitea.LoginTest"/>
  <testcase name="logintest" time="0.033" classname="com.qtpselenium.hybrid.suitea.LoginTest"/>
</testsuite> <!-- com.qtpselenium.hybrid.suitea.LoginTest -->
