<?xml version="1.0" encoding="UTF-8"?>
<!-- Generated by org.testng.reporters.JUnitReportReporter -->
<testsuite name="com.qtpselenium.hybrid.suitea.LoginTest" tests="1" time="0.011" ignored="0" failures="0" timestamp="17 Jul 2018 18:40:18 GMT" skipped="0" hostname="Naveen-PC" errors="0">
  <testcase name="logintest" time="0.011" classname="com.qtpselenium.hybrid.suitea.LoginTest"/>
</testsuite> <!-- com.qtpselenium.hybrid.suitea.LoginTest -->
